<?xml version="1.0" encoding="UTF-8"?>
<testng-results ignored="0" total="2" passed="2" failed="0" skipped="0">
  <reporter-output>
  </reporter-output>
  <suite started-at="2024-12-21T14:36:12 IST" name="Default suite" finished-at="2024-12-21T14:37:10 IST" duration-ms="57504">
    <groups>
    </groups>
    <test started-at="2024-12-21T14:36:12 IST" name="Default test" finished-at="2024-12-21T14:37:10 IST" duration-ms="57504">
      <class name="swtest.TestLogin">
        <test-method is-config="true" signature="setUp()[pri:0, instance:swtest.TestLogin@2af004b]" started-at="2024-12-21T14:36:12 IST" name="setUp" finished-at="2024-12-21T14:36:14 IST" duration-ms="2038" status="PASS">
          <reporter-output>
          </reporter-output>
        </test-method> <!-- setUp -->
        <test-method signature="testLogin()[pri:0, instance:swtest.TestLogin@2af004b]" started-at="2024-12-21T14:36:14 IST" name="testLogin" finished-at="2024-12-21T14:37:10 IST" duration-ms="55155" status="PASS">
          <reporter-output>
          </reporter-output>
        </test-method> <!-- testLogin -->
        <test-method signature="tearDown()[pri:0, instance:swtest.TestLogin@2af004b]" started-at="2024-12-21T14:37:10 IST" name="tearDown" finished-at="2024-12-21T14:37:10 IST" depends-on-methods="swtest.TestLogin.testLogin" duration-ms="256" status="PASS">
          <reporter-output>
          </reporter-output>
        </test-method> <!-- tearDown -->
      </class> <!-- swtest.TestLogin -->
    </test> <!-- Default test -->
  </suite> <!-- Default suite -->
</testng-results>
